<?xml version="1.0" encoding="UTF-8"?>
<!-- Generated by org.testng.reporters.JUnitReportReporter -->
<testsuite skipped="0" hostname="MCML009" name="optimumproject.NewTest" tests="5" failures="0" timestamp="2021-02-20T16:51:52 IST" time="33.439" errors="0">
  <testcase name="menu" time="14.458" classname="optimumproject.NewTest"/>
  <system-out/>
  <testcase name="clickLearnMore" time="5.580" classname="optimumproject.NewTest"/>
  <system-out/>
  <testcase name="digi" time="8.797" classname="optimumproject.NewTest"/>
  <system-out/>
  <testcase name="loginPage" time="4.517" classname="optimumproject.NewTest"/>
  <system-out/>
  <testcase name="verify" time="0.087" classname="optimumproject.NewTest"/>
  <system-out/>
</testsuite> <!-- optimumproject.NewTest -->
